<?xml version="1.0" encoding="utf-8" standalone="no"?>
<!--This file represents the results of running a test suite-->
<test-results name="C:\Users\renan\Documents\Visual Studio 2013\Projects\mock\mock\bin\Debug\mock.dll" total="4" errors="0" failures="0" not-run="0" inconclusive="0" ignored="0" skipped="0" invalid="0" date="2015-03-25" time="13:16:48">
  <environment nunit-version="2.6.4.14350" clr-version="2.0.50727.5485" os-version="Microsoft Windows NT 6.1.7601 Service Pack 1" platform="Win32NT" cwd="C:\Program Files (x86)\NUnit 2.6.4\bin" machine-name="CAELUM-RENAN-DE" user="renan" user-domain="caelum-renan-de" />
  <culture-info current-culture="en-US" current-uiculture="en-US" />
  <test-suite type="Assembly" name="C:\Users\renan\Documents\Visual Studio 2013\Projects\mock\mock\bin\Debug\mock.dll" executed="True" result="Success" success="True" time="1.054" asserts="0">
    <results>
      <test-suite type="Namespace" name="mock" executed="True" result="Success" success="True" time="1.030" asserts="0">
        <results>
          <test-suite type="Namespace" name="testes" executed="True" result="Success" success="True" time="1.029" asserts="0">
            <results>
              <test-suite type="TestFixture" name="EncerradorDeLeilaoTeste" executed="True" result="Success" success="True" time="0.840" asserts="0">
                <results>
                  <test-case name="mock.testes.EncerradorDeLeilaoTeste.deveAtualizaOsLeiloesEncerrados" executed="True" result="Success" success="True" time="0.763" asserts="0" />
                  <test-case name="mock.testes.EncerradorDeLeilaoTeste.deveContinuarAExecutarMesmoQuandoODaoFalha" executed="True" result="Success" success="True" time="0.026" asserts="0" />
                  <test-case name="mock.testes.EncerradorDeLeilaoTeste.deveEncerrarLeiloesQueComecaramUmaSemanaAntes" executed="True" result="Success" success="True" time="0.026" asserts="3" />
                </results>
              </test-suite>
              <test-suite type="TestFixture" name="GeradorDePagamentoTeste" executed="True" result="Success" success="True" time="0.182" asserts="0">
                <results>
                  <test-case name="mock.testes.GeradorDePagamentoTeste.DeveGerarPagamentoParaLeilaoEncerrado" executed="True" result="Success" success="True" time="0.181" asserts="1" />
                </results>
              </test-suite>
            </results>
          </test-suite>
        </results>
      </test-suite>
    </results>
  </test-suite>
</test-results>